<?xml version="1.0" encoding="UTF-8" standalone="yes"?><!DOCTYPE report PUBLIC "-//JACOCO//DTD Report 1.1//EN" "report.dtd"><report name="Code_coverage"><sessioninfo id="Windows10-172b5628" start="1635790042236" dump="1635790043141"/><sessioninfo id="Windows10-e5e143e1" start="1635790259033" dump="1635790259670"/><sessioninfo id="Windows10-e801d6ef" start="1635790411717" dump="1635790412411"/><sessioninfo id="Windows10-76fbb0cf" start="1635790470781" dump="1635790471417"/><sessioninfo id="Windows10-73f09597" start="1635790518526" dump="1635790519163"/><sessioninfo id="Windows10-c5e41733" start="1635790701958" dump="1635790702761"/><sessioninfo id="Windows10-8d145a65" start="1635790953394" dump="1635790953950"/><sessioninfo id="Windows10-b1cb2a34" start="1635791548433" dump="1635791549590"/><sessioninfo id="Windows10-4b14200e" start="1635791577221" dump="1635791577802"/><sessioninfo id="Windows10-db571f07" start="1635791617019" dump="1635791617731"/><sessioninfo id="Windows10-6199bc94" start="1635793267153" dump="1635793267789"/><sessioninfo id="Windows10-224c0c20" start="1635793326253" dump="1635793326928"/><sessioninfo id="Windows10-21bc164e" start="1635793379821" dump="1635793380415"/><sessioninfo id="Windows10-651c104d" start="1635793557377" dump="1635793557975"/><sessioninfo id="Windows10-c3090f37" start="1635793638069" dump="1635793638656"/><sessioninfo id="Windows10-64ba03a2" start="1635793742287" dump="1635793742850"/><sessioninfo id="Windows10-e73552b6" start="1635794061912" dump="1635794062543"/><package name="com/coverage/Code_coverage"><class name="com/coverage/Code_coverage/App" sourcefilename="App.java"><method name="&lt;init&gt;" desc="()V" line="7"><counter type="INSTRUCTION" missed="0" covered="3"/><counter type="LINE" missed="0" covered="1"/><counter type="COMPLEXITY" missed="0" covered="1"/><counter type="METHOD" missed="0" covered="1"/></method><method name="calcula_taxa_desconto" desc="(Ljava/lang/String;D)I" line="10"><counter type="INSTRUCTION" missed="0" covered="33"/><counter type="BRANCH" missed="0" covered="12"/><counter type="LINE" missed="0" covered="8"/><counter type="COMPLEXITY" missed="0" covered="7"/><counter type="METHOD" missed="0" covered="1"/></method><counter type="INSTRUCTION" missed="0" covered="36"/><counter type="BRANCH" missed="0" covered="12"/><counter type="LINE" missed="0" covered="9"/><counter type="COMPLEXITY" missed="0" covered="8"/><counter type="METHOD" missed="0" covered="2"/><counter type="CLASS" missed="0" covered="1"/></class><sourcefile name="App.java"><line nr="7" mi="0" ci="3" mb="0" cb="0"/><line nr="10" mi="0" ci="2" mb="0" cb="0"/><line nr="12" mi="0" ci="7" mb="0" cb="4"/><line nr="13" mi="0" ci="3" mb="0" cb="0"/><line nr="15" mi="0" ci="7" mb="0" cb="4"/><line nr="16" mi="0" ci="3" mb="0" cb="0"/><line nr="18" mi="0" ci="7" mb="0" cb="4"/><line nr="19" mi="0" ci="2" mb="0" cb="0"/><line nr="21" mi="0" ci="2" mb="0" cb="0"/><counter type="INSTRUCTION" missed="0" covered="36"/><counter type="BRANCH" missed="0" covered="12"/><counter type="LINE" missed="0" covered="9"/><counter type="COMPLEXITY" missed="0" covered="8"/><counter type="METHOD" missed="0" covered="2"/><counter type="CLASS" missed="0" covered="1"/></sourcefile><counter type="INSTRUCTION" missed="0" covered="36"/><counter type="BRANCH" missed="0" covered="12"/><counter type="LINE" missed="0" covered="9"/><counter type="COMPLEXITY" missed="0" covered="8"/><counter type="METHOD" missed="0" covered="2"/><counter type="CLASS" missed="0" covered="1"/></package><counter type="INSTRUCTION" missed="0" covered="36"/><counter type="BRANCH" missed="0" covered="12"/><counter type="LINE" missed="0" covered="9"/><counter type="COMPLEXITY" missed="0" covered="8"/><counter type="METHOD" missed="0" covered="2"/><counter type="CLASS" missed="0" covered="1"/></report>