<?xml version="1.0" encoding="UTF-8" ?>
<testsuite tests="8" failures="0" name="com.coverage.Code_coverage.AppTest" time="0.013" errors="0" skipped="0">
  <properties>
[...]
</properties>
  <testcase classname="com.coverage.Code_coverage.AppTest" name="teste1" time="0.007"/>
  <testcase classname="com.coverage.Code_coverage.AppTest" name="teste2" time="0.001"/>
  <testcase classname="com.coverage.Code_coverage.AppTest" name="teste3" time="0.002"/>
  <testcase classname="com.coverage.Code_coverage.AppTest" name="teste4" time="0"/>
  <testcase classname="com.coverage.Code_coverage.AppTest" name="teste5" time="0.001"/>
  <testcase classname="com.coverage.Code_coverage.AppTest" name="teste6" time="0.001"/>
  <testcase classname="com.coverage.Code_coverage.AppTest" name="teste7" time="0"/>
  <testcase classname="com.coverage.Code_coverage.AppTest" name="teste8" time="0.001"/>
</testsuite>